[2022-03-31T17:38:56.835] [ERROR] error - { SequelizeQueryError: The argument passed to findAll must be an options object, use findByPk if you wish to pass a single primary key value
    at Function.findAll (F:\test\midway\web\node_modules\sequelize\lib\model.js:1077:13)
    at Object.query (F:\test\midway\web\services\user.service.js:4:38)
    at getUser (F:\test\midway\web\controller\user.controller.js:6:36)
    at dispatch (F:\test\midway\web\node_modules\koa-compose\index.js:42:32)
    at F:\test\midway\web\node_modules\koa-router\lib\router.js:372:16
    at dispatch (F:\test\midway\web\node_modules\koa-compose\index.js:42:32)
    at F:\test\midway\web\node_modules\koa-compose\index.js:34:12
    at dispatch (F:\test\midway\web\node_modules\koa-router\lib\router.js:377:31)
    at dispatch (F:\test\midway\web\node_modules\koa-compose\index.js:42:32)
    at F:\test\midway\web\node_modules\koa-log4\koa-logger.js:86:13 name: 'SequelizeQueryError' }
[2022-03-31T17:48:16.357] [ERROR] error - { SequelizeQueryError: The argument passed to findAll must be an options object, use findByPk if you wish to pass a single primary key value
    at Function.findAll (F:\test\midway\web\node_modules\sequelize\lib\model.js:1077:13)
    at Object.query (F:\test\midway\web\services\user.service.js:4:38)
    at getUser (F:\test\midway\web\controller\user.controller.js:6:36)
    at dispatch (F:\test\midway\web\node_modules\koa-compose\index.js:42:32)
    at F:\test\midway\web\node_modules\koa-router\lib\router.js:372:16
    at dispatch (F:\test\midway\web\node_modules\koa-compose\index.js:42:32)
    at F:\test\midway\web\node_modules\koa-compose\index.js:34:12
    at dispatch (F:\test\midway\web\node_modules\koa-router\lib\router.js:377:31)
    at dispatch (F:\test\midway\web\node_modules\koa-compose\index.js:42:32)
    at F:\test\midway\web\node_modules\koa-log4\koa-logger.js:86:13 name: 'SequelizeQueryError' }
[2022-03-31T17:49:07.451] [ERROR] error - { SequelizeQueryError: The argument passed to findAll must be an options object, use findByPk if you wish to pass a single primary key value
    at Function.findAll (F:\test\midway\web\node_modules\sequelize\lib\model.js:1077:13)
    at Object.query (F:\test\midway\web\services\user.service.js:4:38)
    at getUser (F:\test\midway\web\controller\user.controller.js:9:36)
    at dispatch (F:\test\midway\web\node_modules\koa-compose\index.js:42:32)
    at F:\test\midway\web\node_modules\koa-router\lib\router.js:372:16
    at dispatch (F:\test\midway\web\node_modules\koa-compose\index.js:42:32)
    at F:\test\midway\web\node_modules\koa-compose\index.js:34:12
    at dispatch (F:\test\midway\web\node_modules\koa-router\lib\router.js:377:31)
    at dispatch (F:\test\midway\web\node_modules\koa-compose\index.js:42:32)
    at F:\test\midway\web\node_modules\koa-log4\koa-logger.js:86:13 name: 'SequelizeQueryError' }
